1580963334940	geckodriver	INFO	Listening on 127.0.0.1:58970
Failed to open connection to "session" message bus: /usr/bin/dbus-launch terminated abnormally without any error message
1580963335344	geckodriver::marionette	INFO	Starting browser /usr/bin/firefox with args ["-marionette"]
Failed to open connection to "session" message bus: /usr/bin/dbus-launch terminated abnormally without any error message
Running without a11y support!
1580963336213	addons.webextension.screenshots@mozilla.org	WARN	Loading extension 'screenshots@mozilla.org': Reading manifest: Invalid extension permission: mozillaAddons
1580963336213	addons.webextension.screenshots@mozilla.org	WARN	Loading extension 'screenshots@mozilla.org': Reading manifest: Invalid extension permission: telemetry
1580963336214	addons.webextension.screenshots@mozilla.org	WARN	Loading extension 'screenshots@mozilla.org': Reading manifest: Invalid extension permission: resource://pdf.js/
1580963336214	addons.webextension.screenshots@mozilla.org	WARN	Loading extension 'screenshots@mozilla.org': Reading manifest: Invalid extension permission: about:reader*
1580963336380	Marionette	TRACE	Received observer notification profile-after-change
1580963336428	Marionette	TRACE	Received observer notification command-line-startup
1580963336428	Marionette	TRACE	Received observer notification nsPref:changed
1580963336428	Marionette	DEBUG	Init aborted (running=false, enabled=true, finalUIStartup=false)
1580963336578	Marionette	TRACE	Received observer notification toplevel-window-ready
JavaScript error: resource:///modules/sessionstore/SessionStore.jsm, line 1325: uncaught exception: 2147746065
1580963338625	Marionette	TRACE	Received observer notification marionette-startup-requested
1580963338626	Marionette	TRACE	Waiting until startup recorder finished recording startup scripts...
1580963338665	Marionette	TRACE	All scripts recorded.
1580963338666	Marionette	DEBUG	Setting recommended pref app.normandy.api_url to 
1580963338667	Marionette	DEBUG	Setting recommended pref app.update.disabledForTesting to true
1580963338667	Marionette	DEBUG	Setting recommended pref browser.contentblocking.introCount to 99
1580963338667	Marionette	DEBUG	Setting recommended pref browser.safebrowsing.passwords.enabled to false
1580963338668	Marionette	DEBUG	Setting recommended pref browser.tabs.remote.separatePrivilegedContentProcess to false
1580963338668	Marionette	DEBUG	Setting recommended pref browser.tabs.unloadOnLowMemory to false
1580963338668	Marionette	DEBUG	Setting recommended pref browser.urlbar.suggest.searches to false
1580963338669	Marionette	DEBUG	Setting recommended pref datareporting.policy.dataSubmissionPolicyAccepted to false
1580963338669	Marionette	DEBUG	Setting recommended pref dom.disable_beforeunload to true
1580963338669	Marionette	DEBUG	Setting recommended pref dom.file.createInChild to true
1580963338670	Marionette	DEBUG	Setting recommended pref security.certerrors.mitm.priming.enabled to false
1580963338670	Marionette	DEBUG	Setting recommended pref toolkit.cosmeticAnimations.enabled to false
1580963338734	Marionette	INFO	Listening on port 38074
1580963338734	Marionette	DEBUG	Remote service is active
1580963338773	Marionette	DEBUG	Accepted connection 0 from 127.0.0.1:42298
1580963338775	Marionette	DEBUG	0 -> [0,1,"newSession",{"acceptInsecureCerts":true,"browserName":"firefox","capabilities":{"desiredCapabilities":{"acceptInsecureCerts":true,"browserName":"firefox"}}}]
1580963338775	Marionette	DEBUG	0 <- [1,1,{"error":"unknown command","message":"newSession","stacktrace":"WebDriverError@chrome://marionette/content/error.js:175: ... t@chrome://marionette/content/server.js:249:9\n_onJSONObjectReady/<@chrome://marionette/content/transport.js:503:20\n"},null]
1580963338802	Marionette	DEBUG	Closed connection 0
Failed to open connection to "session" message bus: /usr/bin/dbus-launch terminated abnormally without any error message
1580963723909	mozrunner::runner	INFO	Running command: "/usr/bin/firefox" "-marionette" "-foreground" "-no-remote" "-profile" "/tmp/rust_mozprofilejDN2Za"
Failed to open connection to "session" message bus: /usr/bin/dbus-launch terminated abnormally without any error message
Running without a11y support!
1580963724694	addons.webextension.screenshots@mozilla.org	WARN	Loading extension 'screenshots@mozilla.org': Reading manifest: Invalid extension permission: mozillaAddons
1580963724694	addons.webextension.screenshots@mozilla.org	WARN	Loading extension 'screenshots@mozilla.org': Reading manifest: Invalid extension permission: telemetry
1580963724694	addons.webextension.screenshots@mozilla.org	WARN	Loading extension 'screenshots@mozilla.org': Reading manifest: Invalid extension permission: resource://pdf.js/
1580963724695	addons.webextension.screenshots@mozilla.org	WARN	Loading extension 'screenshots@mozilla.org': Reading manifest: Invalid extension permission: about:reader*
JavaScript error: resource:///modules/sessionstore/SessionStore.jsm, line 1325: uncaught exception: 2147746065
1580963726977	Marionette	INFO	Listening on port 42769
1580963727033	Marionette	WARN	TLS certificate errors will be ignored for this session
Failed to open connection to "session" message bus: /usr/bin/dbus-launch terminated abnormally without any error message
1580963892672	mozrunner::runner	INFO	Running command: "/usr/bin/firefox" "-marionette" "-foreground" "-no-remote" "-profile" "/tmp/rust_mozprofile1S9CAa"
Failed to open connection to "session" message bus: /usr/bin/dbus-launch terminated abnormally without any error message
Running without a11y support!
1580963893485	addons.webextension.screenshots@mozilla.org	WARN	Loading extension 'screenshots@mozilla.org': Reading manifest: Invalid extension permission: mozillaAddons
1580963893486	addons.webextension.screenshots@mozilla.org	WARN	Loading extension 'screenshots@mozilla.org': Reading manifest: Invalid extension permission: telemetry
1580963893486	addons.webextension.screenshots@mozilla.org	WARN	Loading extension 'screenshots@mozilla.org': Reading manifest: Invalid extension permission: resource://pdf.js/
1580963893486	addons.webextension.screenshots@mozilla.org	WARN	Loading extension 'screenshots@mozilla.org': Reading manifest: Invalid extension permission: about:reader*
JavaScript error: resource:///modules/sessionstore/SessionStore.jsm, line 1325: uncaught exception: 2147746065
1580963895735	Marionette	INFO	Listening on port 43309
1580963895792	Marionette	WARN	TLS certificate errors will be ignored for this session
Failed to open connection to "session" message bus: /usr/bin/dbus-launch terminated abnormally without any error message
1580963958150	mozrunner::runner	INFO	Running command: "/usr/bin/firefox" "-marionette" "-foreground" "-no-remote" "-profile" "/tmp/rust_mozprofiledBnUMG"
Failed to open connection to "session" message bus: /usr/bin/dbus-launch terminated abnormally without any error message
Running without a11y support!
1580963958995	addons.webextension.screenshots@mozilla.org	WARN	Loading extension 'screenshots@mozilla.org': Reading manifest: Invalid extension permission: mozillaAddons
1580963958996	addons.webextension.screenshots@mozilla.org	WARN	Loading extension 'screenshots@mozilla.org': Reading manifest: Invalid extension permission: telemetry
1580963958996	addons.webextension.screenshots@mozilla.org	WARN	Loading extension 'screenshots@mozilla.org': Reading manifest: Invalid extension permission: resource://pdf.js/
1580963958996	addons.webextension.screenshots@mozilla.org	WARN	Loading extension 'screenshots@mozilla.org': Reading manifest: Invalid extension permission: about:reader*
JavaScript error: resource:///modules/sessionstore/SessionStore.jsm, line 1325: uncaught exception: 2147746065
1580963961255	Marionette	INFO	Listening on port 41139
1580963961301	Marionette	WARN	TLS certificate errors will be ignored for this session
Failed to open connection to "session" message bus: /usr/bin/dbus-launch terminated abnormally without any error message
1580963974422	mozrunner::runner	INFO	Running command: "/usr/bin/firefox" "-marionette" "-foreground" "-no-remote" "-profile" "/tmp/rust_mozprofileaWv6bg"
Failed to open connection to "session" message bus: /usr/bin/dbus-launch terminated abnormally without any error message
Running without a11y support!
1580963975275	addons.webextension.screenshots@mozilla.org	WARN	Loading extension 'screenshots@mozilla.org': Reading manifest: Invalid extension permission: mozillaAddons
1580963975275	addons.webextension.screenshots@mozilla.org	WARN	Loading extension 'screenshots@mozilla.org': Reading manifest: Invalid extension permission: telemetry
1580963975276	addons.webextension.screenshots@mozilla.org	WARN	Loading extension 'screenshots@mozilla.org': Reading manifest: Invalid extension permission: resource://pdf.js/
1580963975276	addons.webextension.screenshots@mozilla.org	WARN	Loading extension 'screenshots@mozilla.org': Reading manifest: Invalid extension permission: about:reader*
JavaScript error: resource:///modules/sessionstore/SessionStore.jsm, line 1325: uncaught exception: 2147746065
1580963977633	Marionette	INFO	Listening on port 36668
1580963977737	Marionette	WARN	TLS certificate errors will be ignored for this session

(/usr/lib64/firefox/firefox:69426): Gtk-WARNING **: 23:39:39.462: Could not load a pixbuf from /org/gtk/libgtk/theme/Adwaita/assets/bullet-symbolic.svg.
This may indicate that pixbuf loaders or the mime database could not be found.
Exiting due to channel error.
[Child 69426, Chrome_ChildThread] WARNING: pipe error (3): Connection reset by peer: file /builddir/build/BUILD/firefox-68.4.1/ipc/chromium/src/chrome/common/ipc_channel_posix.cc, line 358
Exiting due to channel error.
Exiting due to channel error.
Failed to open connection to "session" message bus: /usr/bin/dbus-launch terminated abnormally without any error message
1580964284911	mozrunner::runner	INFO	Running command: "/usr/bin/firefox" "-marionette" "-foreground" "-no-remote" "-profile" "/tmp/rust_mozprofile9y0ulw"
Failed to open connection to "session" message bus: /usr/bin/dbus-launch terminated abnormally without any error message
Running without a11y support!
1580964285714	addons.webextension.screenshots@mozilla.org	WARN	Loading extension 'screenshots@mozilla.org': Reading manifest: Invalid extension permission: mozillaAddons
1580964285715	addons.webextension.screenshots@mozilla.org	WARN	Loading extension 'screenshots@mozilla.org': Reading manifest: Invalid extension permission: telemetry
1580964285715	addons.webextension.screenshots@mozilla.org	WARN	Loading extension 'screenshots@mozilla.org': Reading manifest: Invalid extension permission: resource://pdf.js/
1580964285715	addons.webextension.screenshots@mozilla.org	WARN	Loading extension 'screenshots@mozilla.org': Reading manifest: Invalid extension permission: about:reader*
JavaScript error: resource:///modules/sessionstore/SessionStore.jsm, line 1325: uncaught exception: 2147746065
1580964287910	Marionette	INFO	Listening on port 33886
1580964287964	Marionette	WARN	TLS certificate errors will be ignored for this session

(/usr/lib64/firefox/firefox:70059): Gtk-WARNING **: 23:44:49.890: Could not load a pixbuf from /org/gtk/libgtk/theme/Adwaita/assets/bullet-symbolic.svg.
This may indicate that pixbuf loaders or the mime database could not be found.
1580964318014	Marionette	INFO	Stopped listening on port 33886
IPDL protocol error: Handler returned error code!

###!!! [Parent][DispatchAsyncMessage] Error: PLayerTransaction::Msg_ReleaseLayer Processing error: message was deserialized, but the handler returned false (indicating failure)

IPDL protocol error: Handler returned error code!

###!!! [Parent][DispatchAsyncMessage] Error: PLayerTransaction::Msg_ReleaseLayer Processing error: message was deserialized, but the handler returned false (indicating failure)

IPDL protocol error: Handler returned error code!

###!!! [Parent][DispatchAsyncMessage] Error: PLayerTransaction::Msg_ReleaseLayer Processing error: message was deserialized, but the handler returned false (indicating failure)

IPDL protocol error: Handler returned error code!

###!!! [Parent][DispatchAsyncMessage] Error: PLayerTransaction::Msg_ReleaseLayer Processing error: message was deserialized, but the handler returned false (indicating failure)

